<?xml version="1.0" encoding="UTF-8"?>
<!-- Generated by org.testng.reporters.JUnitReportReporter -->
<testsuite hostname="DhavalSh-L1" name="Test.Test_Get_Page_Name" tests="1" failures="0" timestamp="27 Jun 2016 01:10:44 GMT" time="14.798" errors="0">
  <testcase name="Get_Page" time="14.798" classname="Test.Test_Get_Page_Name"/>
</testsuite> <!-- Test.Test_Get_Page_Name -->
